Determining if the include file malloc/malloc.h exists failed with the following output:
Change Dir: /root/llvm-obfuscator/build/CMakeFiles/CMakeTmp

Run Build Command:"/usr/bin/make" "cmTC_7db61/fast"
/usr/bin/make -f CMakeFiles/cmTC_7db61.dir/build.make CMakeFiles/cmTC_7db61.dir/build
make[1]: Entering directory '/root/llvm-obfuscator/build/CMakeFiles/CMakeTmp'
Building C object CMakeFiles/cmTC_7db61.dir/CheckIncludeFile.c.o
/usr/bin/cc    -o CMakeFiles/cmTC_7db61.dir/CheckIncludeFile.c.o   -c /root/llvm-obfuscator/build/CMakeFiles/CMakeTmp/CheckIncludeFile.c
/root/llvm-obfuscator/build/CMakeFiles/CMakeTmp/CheckIncludeFile.c:1:27: fatal error: malloc/malloc.h: No such file or directory
 #include <malloc/malloc.h>
                           ^
compilation terminated.
CMakeFiles/cmTC_7db61.dir/build.make:65: recipe for target 'CMakeFiles/cmTC_7db61.dir/CheckIncludeFile.c.o' failed
make[1]: *** [CMakeFiles/cmTC_7db61.dir/CheckIncludeFile.c.o] Error 1
make[1]: Leaving directory '/root/llvm-obfuscator/build/CMakeFiles/CMakeTmp'
Makefile:126: recipe for target 'cmTC_7db61/fast' failed
make: *** [cmTC_7db61/fast] Error 2


Determining if the include file ndir.h exists failed with the following output:
Change Dir: /root/llvm-obfuscator/build/CMakeFiles/CMakeTmp

Run Build Command:"/usr/bin/make" "cmTC_8f3fa/fast"
/usr/bin/make -f CMakeFiles/cmTC_8f3fa.dir/build.make CMakeFiles/cmTC_8f3fa.dir/build
make[1]: Entering directory '/root/llvm-obfuscator/build/CMakeFiles/CMakeTmp'
Building C object CMakeFiles/cmTC_8f3fa.dir/CheckIncludeFile.c.o
/usr/bin/cc    -o CMakeFiles/cmTC_8f3fa.dir/CheckIncludeFile.c.o   -c /root/llvm-obfuscator/build/CMakeFiles/CMakeTmp/CheckIncludeFile.c
/root/llvm-obfuscator/build/CMakeFiles/CMakeTmp/CheckIncludeFile.c:1:18: fatal error: ndir.h: No such file or directory
 #include <ndir.h>
                  ^
compilation terminated.
CMakeFiles/cmTC_8f3fa.dir/build.make:65: recipe for target 'CMakeFiles/cmTC_8f3fa.dir/CheckIncludeFile.c.o' failed
make[1]: *** [CMakeFiles/cmTC_8f3fa.dir/CheckIncludeFile.c.o] Error 1
make[1]: Leaving directory '/root/llvm-obfuscator/build/CMakeFiles/CMakeTmp'
Makefile:126: recipe for target 'cmTC_8f3fa/fast' failed
make: *** [cmTC_8f3fa/fast] Error 2


Determining if the include file sys/ndir.h exists failed with the following output:
Change Dir: /root/llvm-obfuscator/build/CMakeFiles/CMakeTmp

Run Build Command:"/usr/bin/make" "cmTC_3ea26/fast"
/usr/bin/make -f CMakeFiles/cmTC_3ea26.dir/build.make CMakeFiles/cmTC_3ea26.dir/build
make[1]: Entering directory '/root/llvm-obfuscator/build/CMakeFiles/CMakeTmp'
Building C object CMakeFiles/cmTC_3ea26.dir/CheckIncludeFile.c.o
/usr/bin/cc    -o CMakeFiles/cmTC_3ea26.dir/CheckIncludeFile.c.o   -c /root/llvm-obfuscator/build/CMakeFiles/CMakeTmp/CheckIncludeFile.c
/root/llvm-obfuscator/build/CMakeFiles/CMakeTmp/CheckIncludeFile.c:1:22: fatal error: sys/ndir.h: No such file or directory
 #include <sys/ndir.h>
                      ^
compilation terminated.
CMakeFiles/cmTC_3ea26.dir/build.make:65: recipe for target 'CMakeFiles/cmTC_3ea26.dir/CheckIncludeFile.c.o' failed
make[1]: *** [CMakeFiles/cmTC_3ea26.dir/CheckIncludeFile.c.o] Error 1
make[1]: Leaving directory '/root/llvm-obfuscator/build/CMakeFiles/CMakeTmp'
Makefile:126: recipe for target 'cmTC_3ea26/fast' failed
make: *** [cmTC_3ea26/fast] Error 2


Determining if the include file valgrind/valgrind.h exists failed with the following output:
Change Dir: /root/llvm-obfuscator/build/CMakeFiles/CMakeTmp

Run Build Command:"/usr/bin/make" "cmTC_b4b31/fast"
/usr/bin/make -f CMakeFiles/cmTC_b4b31.dir/build.make CMakeFiles/cmTC_b4b31.dir/build
make[1]: Entering directory '/root/llvm-obfuscator/build/CMakeFiles/CMakeTmp'
Building C object CMakeFiles/cmTC_b4b31.dir/CheckIncludeFile.c.o
/usr/bin/cc    -o CMakeFiles/cmTC_b4b31.dir/CheckIncludeFile.c.o   -c /root/llvm-obfuscator/build/CMakeFiles/CMakeTmp/CheckIncludeFile.c
/root/llvm-obfuscator/build/CMakeFiles/CMakeTmp/CheckIncludeFile.c:1:31: fatal error: valgrind/valgrind.h: No such file or directory
 #include <valgrind/valgrind.h>
                               ^
compilation terminated.
CMakeFiles/cmTC_b4b31.dir/build.make:65: recipe for target 'CMakeFiles/cmTC_b4b31.dir/CheckIncludeFile.c.o' failed
make[1]: *** [CMakeFiles/cmTC_b4b31.dir/CheckIncludeFile.c.o] Error 1
make[1]: Leaving directory '/root/llvm-obfuscator/build/CMakeFiles/CMakeTmp'
Makefile:126: recipe for target 'cmTC_b4b31/fast' failed
make: *** [cmTC_b4b31/fast] Error 2


Determining if the include file mach/mach.h exists failed with the following output:
Change Dir: /root/llvm-obfuscator/build/CMakeFiles/CMakeTmp

Run Build Command:"/usr/bin/make" "cmTC_d96a4/fast"
/usr/bin/make -f CMakeFiles/cmTC_d96a4.dir/build.make CMakeFiles/cmTC_d96a4.dir/build
make[1]: Entering directory '/root/llvm-obfuscator/build/CMakeFiles/CMakeTmp'
Building C object CMakeFiles/cmTC_d96a4.dir/CheckIncludeFile.c.o
/usr/bin/cc    -o CMakeFiles/cmTC_d96a4.dir/CheckIncludeFile.c.o   -c /root/llvm-obfuscator/build/CMakeFiles/CMakeTmp/CheckIncludeFile.c
/root/llvm-obfuscator/build/CMakeFiles/CMakeTmp/CheckIncludeFile.c:1:23: fatal error: mach/mach.h: No such file or directory
 #include <mach/mach.h>
                       ^
compilation terminated.
CMakeFiles/cmTC_d96a4.dir/build.make:65: recipe for target 'CMakeFiles/cmTC_d96a4.dir/CheckIncludeFile.c.o' failed
make[1]: *** [CMakeFiles/cmTC_d96a4.dir/CheckIncludeFile.c.o] Error 1
make[1]: Leaving directory '/root/llvm-obfuscator/build/CMakeFiles/CMakeTmp'
Makefile:126: recipe for target 'cmTC_d96a4/fast' failed
make: *** [cmTC_d96a4/fast] Error 2


Determining if the include file CrashReporterClient.h exists failed with the following output:
Change Dir: /root/llvm-obfuscator/build/CMakeFiles/CMakeTmp

Run Build Command:"/usr/bin/make" "cmTC_111d3/fast"
/usr/bin/make -f CMakeFiles/cmTC_111d3.dir/build.make CMakeFiles/cmTC_111d3.dir/build
make[1]: Entering directory '/root/llvm-obfuscator/build/CMakeFiles/CMakeTmp'
Building C object CMakeFiles/cmTC_111d3.dir/CheckIncludeFile.c.o
/usr/bin/cc    -o CMakeFiles/cmTC_111d3.dir/CheckIncludeFile.c.o   -c /root/llvm-obfuscator/build/CMakeFiles/CMakeTmp/CheckIncludeFile.c
/root/llvm-obfuscator/build/CMakeFiles/CMakeTmp/CheckIncludeFile.c:1:33: fatal error: CrashReporterClient.h: No such file or directory
 #include <CrashReporterClient.h>
                                 ^
compilation terminated.
CMakeFiles/cmTC_111d3.dir/build.make:65: recipe for target 'CMakeFiles/cmTC_111d3.dir/CheckIncludeFile.c.o' failed
make[1]: *** [CMakeFiles/cmTC_111d3.dir/CheckIncludeFile.c.o] Error 1
make[1]: Leaving directory '/root/llvm-obfuscator/build/CMakeFiles/CMakeTmp'
Makefile:126: recipe for target 'cmTC_111d3/fast' failed
make: *** [cmTC_111d3/fast] Error 2


Determining if the pthread_create exist failed with the following output:
Change Dir: /root/llvm-obfuscator/build/CMakeFiles/CMakeTmp

Run Build Command:"/usr/bin/make" "cmTC_82ee8/fast"
/usr/bin/make -f CMakeFiles/cmTC_82ee8.dir/build.make CMakeFiles/cmTC_82ee8.dir/build
make[1]: Entering directory '/root/llvm-obfuscator/build/CMakeFiles/CMakeTmp'
Building C object CMakeFiles/cmTC_82ee8.dir/CheckSymbolExists.c.o
/usr/bin/cc    -o CMakeFiles/cmTC_82ee8.dir/CheckSymbolExists.c.o   -c /root/llvm-obfuscator/build/CMakeFiles/CMakeTmp/CheckSymbolExists.c
Linking C executable cmTC_82ee8
/usr/bin/cmake -E cmake_link_script CMakeFiles/cmTC_82ee8.dir/link.txt --verbose=1
/usr/bin/cc      CMakeFiles/cmTC_82ee8.dir/CheckSymbolExists.c.o  -o cmTC_82ee8 -lm 
CMakeFiles/cmTC_82ee8.dir/CheckSymbolExists.c.o: In function `main':
CheckSymbolExists.c:(.text+0x1b): undefined reference to `pthread_create'
collect2: error: ld returned 1 exit status
CMakeFiles/cmTC_82ee8.dir/build.make:97: recipe for target 'cmTC_82ee8' failed
make[1]: *** [cmTC_82ee8] Error 1
make[1]: Leaving directory '/root/llvm-obfuscator/build/CMakeFiles/CMakeTmp'
Makefile:126: recipe for target 'cmTC_82ee8/fast' failed
make: *** [cmTC_82ee8/fast] Error 2

File /root/llvm-obfuscator/build/CMakeFiles/CMakeTmp/CheckSymbolExists.c:
/* */
#include <pthread.h>

int main(int argc, char** argv)
{
  (void)argv;
#ifndef pthread_create
  return ((int*)(&pthread_create))[argc];
#else
  (void)argc;
  return 0;
#endif
}

Determining if the function pthread_create exists in the pthreads failed with the following output:
Change Dir: /root/llvm-obfuscator/build/CMakeFiles/CMakeTmp

Run Build Command:"/usr/bin/make" "cmTC_36f5f/fast"
/usr/bin/make -f CMakeFiles/cmTC_36f5f.dir/build.make CMakeFiles/cmTC_36f5f.dir/build
make[1]: Entering directory '/root/llvm-obfuscator/build/CMakeFiles/CMakeTmp'
Building C object CMakeFiles/cmTC_36f5f.dir/CheckFunctionExists.c.o
/usr/bin/cc   -DCHECK_FUNCTION_EXISTS=pthread_create   -o CMakeFiles/cmTC_36f5f.dir/CheckFunctionExists.c.o   -c /usr/share/cmake-3.10/Modules/CheckFunctionExists.c
Linking C executable cmTC_36f5f
/usr/bin/cmake -E cmake_link_script CMakeFiles/cmTC_36f5f.dir/link.txt --verbose=1
/usr/bin/cc  -DCHECK_FUNCTION_EXISTS=pthread_create    CMakeFiles/cmTC_36f5f.dir/CheckFunctionExists.c.o  -o cmTC_36f5f -lpthreads -lm 
/usr/bin/x86_64-linux-gnu-ld: cannot find -lpthreads
collect2: error: ld returned 1 exit status
CMakeFiles/cmTC_36f5f.dir/build.make:97: recipe for target 'cmTC_36f5f' failed
make[1]: *** [cmTC_36f5f] Error 1
make[1]: Leaving directory '/root/llvm-obfuscator/build/CMakeFiles/CMakeTmp'
Makefile:126: recipe for target 'cmTC_36f5f/fast' failed
make: *** [cmTC_36f5f/fast] Error 2


Determining if the function xar_open exists in the xar failed with the following output:
Change Dir: /root/llvm-obfuscator/build/CMakeFiles/CMakeTmp

Run Build Command:"/usr/bin/make" "cmTC_e8a55/fast"
/usr/bin/make -f CMakeFiles/cmTC_e8a55.dir/build.make CMakeFiles/cmTC_e8a55.dir/build
make[1]: Entering directory '/root/llvm-obfuscator/build/CMakeFiles/CMakeTmp'
Building C object CMakeFiles/cmTC_e8a55.dir/CheckFunctionExists.c.o
/usr/bin/cc   -DCHECK_FUNCTION_EXISTS=xar_open   -o CMakeFiles/cmTC_e8a55.dir/CheckFunctionExists.c.o   -c /usr/share/cmake-3.10/Modules/CheckFunctionExists.c
Linking C executable cmTC_e8a55
/usr/bin/cmake -E cmake_link_script CMakeFiles/cmTC_e8a55.dir/link.txt --verbose=1
/usr/bin/cc  -DCHECK_FUNCTION_EXISTS=xar_open    CMakeFiles/cmTC_e8a55.dir/CheckFunctionExists.c.o  -o cmTC_e8a55 -lxar -lm 
/usr/bin/x86_64-linux-gnu-ld: cannot find -lxar
collect2: error: ld returned 1 exit status
CMakeFiles/cmTC_e8a55.dir/build.make:97: recipe for target 'cmTC_e8a55' failed
make[1]: *** [cmTC_e8a55] Error 1
make[1]: Leaving directory '/root/llvm-obfuscator/build/CMakeFiles/CMakeTmp'
Makefile:126: recipe for target 'cmTC_e8a55/fast' failed
make: *** [cmTC_e8a55/fast] Error 2


Determining if the arc4random exist failed with the following output:
Change Dir: /root/llvm-obfuscator/build/CMakeFiles/CMakeTmp

Run Build Command:"/usr/bin/make" "cmTC_0efe5/fast"
/usr/bin/make -f CMakeFiles/cmTC_0efe5.dir/build.make CMakeFiles/cmTC_0efe5.dir/build
make[1]: Entering directory '/root/llvm-obfuscator/build/CMakeFiles/CMakeTmp'
Building C object CMakeFiles/cmTC_0efe5.dir/CheckSymbolExists.c.o
/usr/bin/cc    -o CMakeFiles/cmTC_0efe5.dir/CheckSymbolExists.c.o   -c /root/llvm-obfuscator/build/CMakeFiles/CMakeTmp/CheckSymbolExists.c
/root/llvm-obfuscator/build/CMakeFiles/CMakeTmp/CheckSymbolExists.c: In function ‘main’:
/root/llvm-obfuscator/build/CMakeFiles/CMakeTmp/CheckSymbolExists.c:8:19: error: ‘arc4random’ undeclared (first use in this function)
   return ((int*)(&arc4random))[argc];
                   ^~~~~~~~~~
/root/llvm-obfuscator/build/CMakeFiles/CMakeTmp/CheckSymbolExists.c:8:19: note: each undeclared identifier is reported only once for each function it appears in
CMakeFiles/cmTC_0efe5.dir/build.make:65: recipe for target 'CMakeFiles/cmTC_0efe5.dir/CheckSymbolExists.c.o' failed
make[1]: *** [CMakeFiles/cmTC_0efe5.dir/CheckSymbolExists.c.o] Error 1
make[1]: Leaving directory '/root/llvm-obfuscator/build/CMakeFiles/CMakeTmp'
Makefile:126: recipe for target 'cmTC_0efe5/fast' failed
make: *** [cmTC_0efe5/fast] Error 2

File /root/llvm-obfuscator/build/CMakeFiles/CMakeTmp/CheckSymbolExists.c:
/* */
#include <stdlib.h>

int main(int argc, char** argv)
{
  (void)argv;
#ifndef arc4random
  return ((int*)(&arc4random))[argc];
#else
  (void)argc;
  return 0;
#endif
}

Determining if the mallctl exist failed with the following output:
Change Dir: /root/llvm-obfuscator/build/CMakeFiles/CMakeTmp

Run Build Command:"/usr/bin/make" "cmTC_9a724/fast"
/usr/bin/make -f CMakeFiles/cmTC_9a724.dir/build.make CMakeFiles/cmTC_9a724.dir/build
make[1]: Entering directory '/root/llvm-obfuscator/build/CMakeFiles/CMakeTmp'
Building C object CMakeFiles/cmTC_9a724.dir/CheckSymbolExists.c.o
/usr/bin/cc    -o CMakeFiles/cmTC_9a724.dir/CheckSymbolExists.c.o   -c /root/llvm-obfuscator/build/CMakeFiles/CMakeTmp/CheckSymbolExists.c
/root/llvm-obfuscator/build/CMakeFiles/CMakeTmp/CheckSymbolExists.c:2:23: fatal error: malloc_np.h: No such file or directory
 #include <malloc_np.h>
                       ^
compilation terminated.
CMakeFiles/cmTC_9a724.dir/build.make:65: recipe for target 'CMakeFiles/cmTC_9a724.dir/CheckSymbolExists.c.o' failed
make[1]: *** [CMakeFiles/cmTC_9a724.dir/CheckSymbolExists.c.o] Error 1
make[1]: Leaving directory '/root/llvm-obfuscator/build/CMakeFiles/CMakeTmp'
Makefile:126: recipe for target 'cmTC_9a724/fast' failed
make: *** [cmTC_9a724/fast] Error 2

File /root/llvm-obfuscator/build/CMakeFiles/CMakeTmp/CheckSymbolExists.c:
/* */
#include <malloc_np.h>

int main(int argc, char** argv)
{
  (void)argv;
#ifndef mallctl
  return ((int*)(&mallctl))[argc];
#else
  (void)argc;
  return 0;
#endif
}

Determining if the malloc_zone_statistics exist failed with the following output:
Change Dir: /root/llvm-obfuscator/build/CMakeFiles/CMakeTmp

Run Build Command:"/usr/bin/make" "cmTC_d1ed2/fast"
/usr/bin/make -f CMakeFiles/cmTC_d1ed2.dir/build.make CMakeFiles/cmTC_d1ed2.dir/build
make[1]: Entering directory '/root/llvm-obfuscator/build/CMakeFiles/CMakeTmp'
Building C object CMakeFiles/cmTC_d1ed2.dir/CheckSymbolExists.c.o
/usr/bin/cc    -o CMakeFiles/cmTC_d1ed2.dir/CheckSymbolExists.c.o   -c /root/llvm-obfuscator/build/CMakeFiles/CMakeTmp/CheckSymbolExists.c
/root/llvm-obfuscator/build/CMakeFiles/CMakeTmp/CheckSymbolExists.c:2:27: fatal error: malloc/malloc.h: No such file or directory
 #include <malloc/malloc.h>
                           ^
compilation terminated.
CMakeFiles/cmTC_d1ed2.dir/build.make:65: recipe for target 'CMakeFiles/cmTC_d1ed2.dir/CheckSymbolExists.c.o' failed
make[1]: *** [CMakeFiles/cmTC_d1ed2.dir/CheckSymbolExists.c.o] Error 1
make[1]: Leaving directory '/root/llvm-obfuscator/build/CMakeFiles/CMakeTmp'
Makefile:126: recipe for target 'cmTC_d1ed2/fast' failed
make: *** [cmTC_d1ed2/fast] Error 2

File /root/llvm-obfuscator/build/CMakeFiles/CMakeTmp/CheckSymbolExists.c:
/* */
#include <malloc/malloc.h>

int main(int argc, char** argv)
{
  (void)argv;
#ifndef malloc_zone_statistics
  return ((int*)(&malloc_zone_statistics))[argc];
#else
  (void)argc;
  return 0;
#endif
}

Determining if the strerror_s exist failed with the following output:
Change Dir: /root/llvm-obfuscator/build/CMakeFiles/CMakeTmp

Run Build Command:"/usr/bin/make" "cmTC_c2de8/fast"
/usr/bin/make -f CMakeFiles/cmTC_c2de8.dir/build.make CMakeFiles/cmTC_c2de8.dir/build
make[1]: Entering directory '/root/llvm-obfuscator/build/CMakeFiles/CMakeTmp'
Building C object CMakeFiles/cmTC_c2de8.dir/CheckSymbolExists.c.o
/usr/bin/cc    -o CMakeFiles/cmTC_c2de8.dir/CheckSymbolExists.c.o   -c /root/llvm-obfuscator/build/CMakeFiles/CMakeTmp/CheckSymbolExists.c
/root/llvm-obfuscator/build/CMakeFiles/CMakeTmp/CheckSymbolExists.c: In function ‘main’:
/root/llvm-obfuscator/build/CMakeFiles/CMakeTmp/CheckSymbolExists.c:8:19: error: ‘strerror_s’ undeclared (first use in this function)
   return ((int*)(&strerror_s))[argc];
                   ^~~~~~~~~~
/root/llvm-obfuscator/build/CMakeFiles/CMakeTmp/CheckSymbolExists.c:8:19: note: each undeclared identifier is reported only once for each function it appears in
CMakeFiles/cmTC_c2de8.dir/build.make:65: recipe for target 'CMakeFiles/cmTC_c2de8.dir/CheckSymbolExists.c.o' failed
make[1]: *** [CMakeFiles/cmTC_c2de8.dir/CheckSymbolExists.c.o] Error 1
make[1]: Leaving directory '/root/llvm-obfuscator/build/CMakeFiles/CMakeTmp'
Makefile:126: recipe for target 'cmTC_c2de8/fast' failed
make: *** [cmTC_c2de8/fast] Error 2

File /root/llvm-obfuscator/build/CMakeFiles/CMakeTmp/CheckSymbolExists.c:
/* */
#include <string.h>

int main(int argc, char** argv)
{
  (void)argv;
#ifndef strerror_s
  return ((int*)(&strerror_s))[argc];
#else
  (void)argc;
  return 0;
#endif
}

Performing C++ SOURCE FILE Test SUPPORTS_GNU_ZERO_VARIADIC_MACRO_ARGUMENTS_FLAG failed with the following output:
Change Dir: /root/llvm-obfuscator/build/CMakeFiles/CMakeTmp

Run Build Command:"/usr/bin/make" "cmTC_9e17f/fast"
/usr/bin/make -f CMakeFiles/cmTC_9e17f.dir/build.make CMakeFiles/cmTC_9e17f.dir/build
make[1]: Entering directory '/root/llvm-obfuscator/build/CMakeFiles/CMakeTmp'
Building CXX object CMakeFiles/cmTC_9e17f.dir/src.cxx.o
/usr/bin/c++    -DSUPPORTS_GNU_ZERO_VARIADIC_MACRO_ARGUMENTS_FLAG   -Wgnu-zero-variadic-macro-arguments -o CMakeFiles/cmTC_9e17f.dir/src.cxx.o -c /root/llvm-obfuscator/build/CMakeFiles/CMakeTmp/src.cxx
c++: error: unrecognized command line option '-Wgnu-zero-variadic-macro-arguments'; did you mean '-Wno-variadic-macros'?
CMakeFiles/cmTC_9e17f.dir/build.make:65: recipe for target 'CMakeFiles/cmTC_9e17f.dir/src.cxx.o' failed
make[1]: *** [CMakeFiles/cmTC_9e17f.dir/src.cxx.o] Error 1
make[1]: Leaving directory '/root/llvm-obfuscator/build/CMakeFiles/CMakeTmp'
Makefile:126: recipe for target 'cmTC_9e17f/fast' failed
make: *** [cmTC_9e17f/fast] Error 2

Source file was:
int main() { return 0; }
Performing C SOURCE FILE Test C_SUPPORTS_COVERED_SWITCH_DEFAULT_FLAG failed with the following output:
Change Dir: /root/llvm-obfuscator/build/CMakeFiles/CMakeTmp

Run Build Command:"/usr/bin/make" "cmTC_250c3/fast"
/usr/bin/make -f CMakeFiles/cmTC_250c3.dir/build.make CMakeFiles/cmTC_250c3.dir/build
make[1]: Entering directory '/root/llvm-obfuscator/build/CMakeFiles/CMakeTmp'
Building C object CMakeFiles/cmTC_250c3.dir/src.c.o
/usr/bin/cc   -fPIC -Wall -W -Wno-unused-parameter -Wwrite-strings -Wno-missing-field-initializers -pedantic -Wno-long-long -DC_SUPPORTS_COVERED_SWITCH_DEFAULT_FLAG   -Werror -Wcovered-switch-default -o CMakeFiles/cmTC_250c3.dir/src.c.o   -c /root/llvm-obfuscator/build/CMakeFiles/CMakeTmp/src.c
cc: error: unrecognized command line option '-Wcovered-switch-default'; did you mean '-Wno-switch-default'?
CMakeFiles/cmTC_250c3.dir/build.make:65: recipe for target 'CMakeFiles/cmTC_250c3.dir/src.c.o' failed
make[1]: *** [CMakeFiles/cmTC_250c3.dir/src.c.o] Error 1
make[1]: Leaving directory '/root/llvm-obfuscator/build/CMakeFiles/CMakeTmp'
Makefile:126: recipe for target 'cmTC_250c3/fast' failed
make: *** [cmTC_250c3/fast] Error 2

Source file was:
int main(void) { return 0; }
Performing C++ SOURCE FILE Test CXX_SUPPORTS_COVERED_SWITCH_DEFAULT_FLAG failed with the following output:
Change Dir: /root/llvm-obfuscator/build/CMakeFiles/CMakeTmp

Run Build Command:"/usr/bin/make" "cmTC_481a0/fast"
/usr/bin/make -f CMakeFiles/cmTC_481a0.dir/build.make CMakeFiles/cmTC_481a0.dir/build
make[1]: Entering directory '/root/llvm-obfuscator/build/CMakeFiles/CMakeTmp'
Building CXX object CMakeFiles/cmTC_481a0.dir/src.cxx.o
/usr/bin/c++    -fPIC -fvisibility-inlines-hidden -Wall -W -Wno-unused-parameter -Wwrite-strings -Wcast-qual -Wno-missing-field-initializers -pedantic -Wno-long-long -DCXX_SUPPORTS_COVERED_SWITCH_DEFAULT_FLAG   -Werror -Wcovered-switch-default -o CMakeFiles/cmTC_481a0.dir/src.cxx.o -c /root/llvm-obfuscator/build/CMakeFiles/CMakeTmp/src.cxx
c++: error: unrecognized command line option '-Wcovered-switch-default'; did you mean '-Wno-switch-default'?
CMakeFiles/cmTC_481a0.dir/build.make:65: recipe for target 'CMakeFiles/cmTC_481a0.dir/src.cxx.o' failed
make[1]: *** [CMakeFiles/cmTC_481a0.dir/src.cxx.o] Error 1
make[1]: Leaving directory '/root/llvm-obfuscator/build/CMakeFiles/CMakeTmp'
Makefile:126: recipe for target 'cmTC_481a0/fast' failed
make: *** [cmTC_481a0/fast] Error 2

Source file was:
int main() { return 0; }
Performing C SOURCE FILE Test C_SUPPORTS_DELETE_NON_VIRTUAL_DTOR_FLAG failed with the following output:
Change Dir: /root/llvm-obfuscator/build/CMakeFiles/CMakeTmp

Run Build Command:"/usr/bin/make" "cmTC_c31ac/fast"
/usr/bin/make -f CMakeFiles/cmTC_c31ac.dir/build.make CMakeFiles/cmTC_c31ac.dir/build
make[1]: Entering directory '/root/llvm-obfuscator/build/CMakeFiles/CMakeTmp'
Building C object CMakeFiles/cmTC_c31ac.dir/src.c.o
/usr/bin/cc   -fPIC -Wall -W -Wno-unused-parameter -Wwrite-strings -Wno-missing-field-initializers -pedantic -Wno-long-long -DC_SUPPORTS_DELETE_NON_VIRTUAL_DTOR_FLAG   -Werror -Wdelete-non-virtual-dtor -o CMakeFiles/cmTC_c31ac.dir/src.c.o   -c /root/llvm-obfuscator/build/CMakeFiles/CMakeTmp/src.c
cc1: error: command line option '-Wdelete-non-virtual-dtor' is valid for C++/ObjC++ but not for C [-Werror]
cc1: all warnings being treated as errors
CMakeFiles/cmTC_c31ac.dir/build.make:65: recipe for target 'CMakeFiles/cmTC_c31ac.dir/src.c.o' failed
make[1]: *** [CMakeFiles/cmTC_c31ac.dir/src.c.o] Error 1
make[1]: Leaving directory '/root/llvm-obfuscator/build/CMakeFiles/CMakeTmp'
Makefile:126: recipe for target 'cmTC_c31ac/fast' failed
make: *** [cmTC_c31ac/fast] Error 2

Source file was:
int main(void) { return 0; }
Performing C SOURCE FILE Test C_WCOMMENT_ALLOWS_LINE_WRAP failed with the following output:
Change Dir: /root/llvm-obfuscator/build/CMakeFiles/CMakeTmp

Run Build Command:"/usr/bin/make" "cmTC_c1c82/fast"
/usr/bin/make -f CMakeFiles/cmTC_c1c82.dir/build.make CMakeFiles/cmTC_c1c82.dir/build
make[1]: Entering directory '/root/llvm-obfuscator/build/CMakeFiles/CMakeTmp'
Building C object CMakeFiles/cmTC_c1c82.dir/src.c.o
/usr/bin/cc   -fPIC -Wall -W -Wno-unused-parameter -Wwrite-strings -Wno-missing-field-initializers -pedantic -Wno-long-long -DC_WCOMMENT_ALLOWS_LINE_WRAP  -Werror -Wcomment   -o CMakeFiles/cmTC_c1c82.dir/src.c.o   -c /root/llvm-obfuscator/build/CMakeFiles/CMakeTmp/src.c
/root/llvm-obfuscator/build/CMakeFiles/CMakeTmp/src.c:1:1: error: multi-line comment [-Werror=comment]
 // \
 ^
cc1: all warnings being treated as errors
CMakeFiles/cmTC_c1c82.dir/build.make:65: recipe for target 'CMakeFiles/cmTC_c1c82.dir/src.c.o' failed
make[1]: *** [CMakeFiles/cmTC_c1c82.dir/src.c.o] Error 1
make[1]: Leaving directory '/root/llvm-obfuscator/build/CMakeFiles/CMakeTmp'
Makefile:126: recipe for target 'cmTC_c1c82/fast' failed
make: *** [cmTC_c1c82/fast] Error 2

Source file was:
// \
//
int main() {return 0;}
Performing C SOURCE FILE Test C_SUPPORTS_STRING_CONVERSION_FLAG failed with the following output:
Change Dir: /root/llvm-obfuscator/build/CMakeFiles/CMakeTmp

Run Build Command:"/usr/bin/make" "cmTC_c6deb/fast"
/usr/bin/make -f CMakeFiles/cmTC_c6deb.dir/build.make CMakeFiles/cmTC_c6deb.dir/build
make[1]: Entering directory '/root/llvm-obfuscator/build/CMakeFiles/CMakeTmp'
Building C object CMakeFiles/cmTC_c6deb.dir/src.c.o
/usr/bin/cc   -fPIC -Wall -W -Wno-unused-parameter -Wwrite-strings -Wno-missing-field-initializers -pedantic -Wno-long-long -Wno-comment -DC_SUPPORTS_STRING_CONVERSION_FLAG   -Werror -Wstring-conversion -o CMakeFiles/cmTC_c6deb.dir/src.c.o   -c /root/llvm-obfuscator/build/CMakeFiles/CMakeTmp/src.c
cc: error: unrecognized command line option '-Wstring-conversion'; did you mean '-Wint-conversion'?
CMakeFiles/cmTC_c6deb.dir/build.make:65: recipe for target 'CMakeFiles/cmTC_c6deb.dir/src.c.o' failed
make[1]: *** [CMakeFiles/cmTC_c6deb.dir/src.c.o] Error 1
make[1]: Leaving directory '/root/llvm-obfuscator/build/CMakeFiles/CMakeTmp'
Makefile:126: recipe for target 'cmTC_c6deb/fast' failed
make: *** [cmTC_c6deb/fast] Error 2

Source file was:
int main(void) { return 0; }
Performing C++ SOURCE FILE Test CXX_SUPPORTS_STRING_CONVERSION_FLAG failed with the following output:
Change Dir: /root/llvm-obfuscator/build/CMakeFiles/CMakeTmp

Run Build Command:"/usr/bin/make" "cmTC_c4224/fast"
/usr/bin/make -f CMakeFiles/cmTC_c4224.dir/build.make CMakeFiles/cmTC_c4224.dir/build
make[1]: Entering directory '/root/llvm-obfuscator/build/CMakeFiles/CMakeTmp'
Building CXX object CMakeFiles/cmTC_c4224.dir/src.cxx.o
/usr/bin/c++    -fPIC -fvisibility-inlines-hidden -Wall -W -Wno-unused-parameter -Wwrite-strings -Wcast-qual -Wno-missing-field-initializers -pedantic -Wno-long-long -Wno-maybe-uninitialized -Wdelete-non-virtual-dtor -Wno-comment -DCXX_SUPPORTS_STRING_CONVERSION_FLAG   -Werror -Wstring-conversion -o CMakeFiles/cmTC_c4224.dir/src.cxx.o -c /root/llvm-obfuscator/build/CMakeFiles/CMakeTmp/src.cxx
c++: error: unrecognized command line option '-Wstring-conversion'; did you mean '-Wint-conversion'?
CMakeFiles/cmTC_c4224.dir/build.make:65: recipe for target 'CMakeFiles/cmTC_c4224.dir/src.cxx.o' failed
make[1]: *** [CMakeFiles/cmTC_c4224.dir/src.cxx.o] Error 1
make[1]: Leaving directory '/root/llvm-obfuscator/build/CMakeFiles/CMakeTmp'
Makefile:126: recipe for target 'cmTC_c4224/fast' failed
make: *** [cmTC_c4224/fast] Error 2

Source file was:
int main() { return 0; }
Performing C++ SOURCE FILE Test CXX_SUPPORTS_NO_NESTED_ANON_TYPES_FLAG failed with the following output:
Change Dir: /root/llvm-obfuscator/build/CMakeFiles/CMakeTmp

Run Build Command:"/usr/bin/make" "cmTC_c59aa/fast"
/usr/bin/make -f CMakeFiles/cmTC_c59aa.dir/build.make CMakeFiles/cmTC_c59aa.dir/build
make[1]: Entering directory '/root/llvm-obfuscator/build/CMakeFiles/CMakeTmp'
Building CXX object CMakeFiles/cmTC_c59aa.dir/src.cxx.o
/usr/bin/c++    -fPIC -fvisibility-inlines-hidden -Wall -W -Wno-unused-parameter -Wwrite-strings -Wcast-qual -Wno-missing-field-initializers -pedantic -Wno-long-long -Wno-maybe-uninitialized -Wdelete-non-virtual-dtor -Wno-comment -Werror=date-time -std=c++11 -ffunction-sections -fdata-sections -fno-common -Woverloaded-virtual -fno-strict-aliasing -DCXX_SUPPORTS_NO_NESTED_ANON_TYPES_FLAG   -Werror -Wnested-anon-types -o CMakeFiles/cmTC_c59aa.dir/src.cxx.o -c /root/llvm-obfuscator/build/CMakeFiles/CMakeTmp/src.cxx
c++: error: unrecognized command line option '-Wnested-anon-types'; did you mean '-Wnested-externs'?
CMakeFiles/cmTC_c59aa.dir/build.make:65: recipe for target 'CMakeFiles/cmTC_c59aa.dir/src.cxx.o' failed
make[1]: *** [CMakeFiles/cmTC_c59aa.dir/src.cxx.o] Error 1
make[1]: Leaving directory '/root/llvm-obfuscator/build/CMakeFiles/CMakeTmp'
Makefile:126: recipe for target 'cmTC_c59aa/fast' failed
make: *** [cmTC_c59aa/fast] Error 2

Source file was:
int main() { return 0; }
